{"/home/william/camden-addresslookup/lib/addressdb.js":{"path":"/home/william/camden-addresslookup/lib/addressdb.js","s":{"1":1,"2":5,"3":5,"4":1,"5":4,"6":3,"7":3,"8":3,"9":135076,"10":135076,"11":3,"12":2,"13":1,"14":1,"15":1,"16":1,"17":4},"b":{"1":[1,4],"2":[2,1]},"f":{"1":5,"2":3,"3":135076},"fnMap":{"1":{"name":"addressdb","line":1,"loc":{"start":{"line":1,"column":17},"end":{"line":1,"column":43}}},"2":{"name":"search","line":10,"loc":{"start":{"line":10,"column":18},"end":{"line":10,"column":51}}},"3":{"name":"(anonymous_3)","line":15,"loc":{"start":{"line":15,"column":30},"end":{"line":15,"column":45}}}},"statementMap":{"1":{"start":{"line":1,"column":0},"end":{"line":33,"column":1}},"2":{"start":{"line":4,"column":4},"end":{"line":4,"column":18}},"3":{"start":{"line":6,"column":4},"end":{"line":8,"column":5}},"4":{"start":{"line":7,"column":8},"end":{"line":7,"column":20}},"5":{"start":{"line":10,"column":4},"end":{"line":29,"column":5}},"6":{"start":{"line":12,"column":8},"end":{"line":12,"column":48}},"7":{"start":{"line":13,"column":8},"end":{"line":13,"column":49}},"8":{"start":{"line":15,"column":8},"end":{"line":19,"column":25}},"9":{"start":{"line":16,"column":12},"end":{"line":17,"column":52}},"10":{"start":{"line":18,"column":12},"end":{"line":18,"column":44}},"11":{"start":{"line":21,"column":8},"end":{"line":28,"column":9}},"12":{"start":{"line":22,"column":12},"end":{"line":22,"column":37}},"13":{"start":{"line":24,"column":12},"end":{"line":24,"column":32}},"14":{"start":{"line":25,"column":12},"end":{"line":25,"column":46}},"15":{"start":{"line":26,"column":12},"end":{"line":26,"column":64}},"16":{"start":{"line":27,"column":12},"end":{"line":27,"column":29}},"17":{"start":{"line":32,"column":4},"end":{"line":32,"column":16}}},"branchMap":{"1":{"line":6,"type":"if","locations":[{"start":{"line":6,"column":4},"end":{"line":6,"column":4}},{"start":{"line":6,"column":4},"end":{"line":6,"column":4}}]},"2":{"line":21,"type":"if","locations":[{"start":{"line":21,"column":8},"end":{"line":21,"column":8}},{"start":{"line":21,"column":8},"end":{"line":21,"column":8}}]}}},"/home/william/camden-addresslookup/lib/authenticate.js":{"path":"/home/william/camden-addresslookup/lib/authenticate.js","s":{"1":1,"2":1,"3":1,"4":1,"5":1,"6":11,"7":11,"8":11,"9":8,"10":11,"11":1,"12":6,"13":6,"14":6,"15":6,"16":4,"17":2,"18":1,"19":4,"20":1},"b":{"1":[1,1],"2":[6,5],"3":[4,2],"4":[6,2]},"f":{"1":11,"2":6,"3":4},"fnMap":{"1":{"name":"verify","line":6,"loc":{"start":{"line":6,"column":0},"end":{"line":6,"column":23}}},"2":{"name":"auth","line":18,"loc":{"start":{"line":18,"column":0},"end":{"line":18,"column":29}}},"3":{"name":"fail","line":31,"loc":{"start":{"line":31,"column":0},"end":{"line":31,"column":25}}}},"statementMap":{"1":{"start":{"line":1,"column":0},"end":{"line":1,"column":72}},"2":{"start":{"line":2,"column":0},"end":{"line":2,"column":44}},"3":{"start":{"line":3,"column":0},"end":{"line":3,"column":50}},"4":{"start":{"line":4,"column":0},"end":{"line":4,"column":34}},"5":{"start":{"line":6,"column":0},"end":{"line":16,"column":1}},"6":{"start":{"line":8,"column":4},"end":{"line":8,"column":24}},"7":{"start":{"line":9,"column":4},"end":{"line":13,"column":5}},"8":{"start":{"line":10,"column":8},"end":{"line":10,"column":44}},"9":{"start":{"line":12,"column":8},"end":{"line":12,"column":24}},"10":{"start":{"line":14,"column":4},"end":{"line":14,"column":19}},"11":{"start":{"line":18,"column":0},"end":{"line":29,"column":1}},"12":{"start":{"line":20,"column":4},"end":{"line":20,"column":38}},"13":{"start":{"line":21,"column":4},"end":{"line":21,"column":46}},"14":{"start":{"line":22,"column":4},"end":{"line":22,"column":32}},"15":{"start":{"line":24,"column":4},"end":{"line":28,"column":5}},"16":{"start":{"line":25,"column":8},"end":{"line":25,"column":36}},"17":{"start":{"line":27,"column":8},"end":{"line":27,"column":28}},"18":{"start":{"line":31,"column":0},"end":{"line":33,"column":1}},"19":{"start":{"line":32,"column":4},"end":{"line":32,"column":33}},"20":{"start":{"line":35,"column":0},"end":{"line":41,"column":1}}},"branchMap":{"1":{"line":3,"type":"binary-expr","locations":[{"start":{"line":3,"column":13},"end":{"line":3,"column":35}},{"start":{"line":3,"column":39},"end":{"line":3,"column":49}}]},"2":{"line":20,"type":"binary-expr","locations":[{"start":{"line":20,"column":9},"end":{"line":20,"column":11}},{"start":{"line":20,"column":15},"end":{"line":20,"column":37}}]},"3":{"line":24,"type":"if","locations":[{"start":{"line":24,"column":4},"end":{"line":24,"column":4}},{"start":{"line":24,"column":4},"end":{"line":24,"column":4}}]},"4":{"line":24,"type":"binary-expr","locations":[{"start":{"line":24,"column":7},"end":{"line":24,"column":15}},{"start":{"line":24,"column":19},"end":{"line":24,"column":32}}]}}},"/home/william/camden-addresslookup/lib/handlers.js":{"path":"/home/william/camden-addresslookup/lib/handlers.js","s":{"1":1,"2":4,"3":3,"4":3,"5":1,"6":2,"7":4},"b":{"1":[1,2]},"f":{"1":4,"2":3,"3":3},"fnMap":{"1":{"name":"(anonymous_1)","line":1,"loc":{"start":{"line":1,"column":17},"end":{"line":1,"column":30}}},"2":{"name":"addressLookup","line":5,"loc":{"start":{"line":5,"column":23},"end":{"line":5,"column":57}}},"3":{"name":"(anonymous_3)","line":6,"loc":{"start":{"line":6,"column":45},"end":{"line":6,"column":65}}}},"statementMap":{"1":{"start":{"line":1,"column":0},"end":{"line":17,"column":1}},"2":{"start":{"line":3,"column":4},"end":{"line":14,"column":6}},"3":{"start":{"line":6,"column":12},"end":{"line":12,"column":15}},"4":{"start":{"line":7,"column":16},"end":{"line":11,"column":17}},"5":{"start":{"line":8,"column":20},"end":{"line":8,"column":68}},"6":{"start":{"line":10,"column":20},"end":{"line":10,"column":37}},"7":{"start":{"line":16,"column":4},"end":{"line":16,"column":18}}},"branchMap":{"1":{"line":7,"type":"if","locations":[{"start":{"line":7,"column":16},"end":{"line":7,"column":16}},{"start":{"line":7,"column":16},"end":{"line":7,"column":16}}]}}},"/home/william/camden-addresslookup/lib/routes.js":{"path":"/home/william/camden-addresslookup/lib/routes.js","s":{"1":1,"2":1},"b":{},"f":{},"fnMap":{},"statementMap":{"1":{"start":{"line":1,"column":0},"end":{"line":1,"column":48}},"2":{"start":{"line":3,"column":0},"end":{"line":14,"column":2}}},"branchMap":{}},"/home/william/camden-addresslookup/server.js":{"path":"/home/william/camden-addresslookup/server.js","s":{"1":1,"2":1,"3":1,"4":1,"5":1,"6":1,"7":1,"8":0,"9":0,"10":0,"11":0,"12":1},"b":{"1":[1,1],"2":[0,1],"3":[0,0]},"f":{"1":0},"fnMap":{"1":{"name":"(anonymous_1)","line":28,"loc":{"start":{"line":28,"column":17},"end":{"line":28,"column":31}}}},"statementMap":{"1":{"start":{"line":6,"column":0},"end":{"line":6,"column":27}},"2":{"start":{"line":7,"column":0},"end":{"line":7,"column":16}},"3":{"start":{"line":9,"column":0},"end":{"line":9,"column":19}},"4":{"start":{"line":11,"column":0},"end":{"line":11,"column":31}},"5":{"start":{"line":13,"column":0},"end":{"line":22,"column":3}},"6":{"start":{"line":24,"column":0},"end":{"line":24,"column":41}},"7":{"start":{"line":27,"column":0},"end":{"line":35,"column":1}},"8":{"start":{"line":28,"column":4},"end":{"line":34,"column":7}},"9":{"start":{"line":29,"column":8},"end":{"line":33,"column":9}},"10":{"start":{"line":30,"column":12},"end":{"line":30,"column":22}},"11":{"start":{"line":32,"column":12},"end":{"line":32,"column":42}},"12":{"start":{"line":37,"column":0},"end":{"line":37,"column":24}}},"branchMap":{"1":{"line":14,"type":"binary-expr","locations":[{"start":{"line":14,"column":10},"end":{"line":14,"column":26}},{"start":{"line":14,"column":30},"end":{"line":14,"column":34}}]},"2":{"line":27,"type":"if","locations":[{"start":{"line":27,"column":0},"end":{"line":27,"column":0}},{"start":{"line":27,"column":0},"end":{"line":27,"column":0}}]},"3":{"line":29,"type":"if","locations":[{"start":{"line":29,"column":8},"end":{"line":29,"column":8}},{"start":{"line":29,"column":8},"end":{"line":29,"column":8}}]}}}}