TN:
SF:/home/william/camden-addresslookup/lib/addressdb.js
FN:1,addressdb
FN:10,search
FN:15,(anonymous_3)
FNF:3
FNH:3
FNDA:5,addressdb
FNDA:3,search
FNDA:135076,(anonymous_3)
DA:1,1
DA:4,5
DA:6,5
DA:7,1
DA:10,4
DA:12,3
DA:13,3
DA:15,3
DA:16,135076
DA:18,135076
DA:21,3
DA:22,2
DA:24,1
DA:25,1
DA:26,1
DA:27,1
DA:32,4
LF:17
LH:17
BRDA:6,1,0,1
BRDA:6,1,1,4
BRDA:21,2,0,2
BRDA:21,2,1,1
BRF:4
BRH:4
end_of_record
TN:
SF:/home/william/camden-addresslookup/lib/authenticate.js
FN:6,verify
FN:18,auth
FN:31,fail
FNF:3
FNH:3
FNDA:11,verify
FNDA:6,auth
FNDA:4,fail
DA:1,1
DA:2,1
DA:3,1
DA:4,1
DA:6,1
DA:8,11
DA:9,11
DA:10,11
DA:12,8
DA:14,11
DA:18,1
DA:20,6
DA:21,6
DA:22,6
DA:24,6
DA:25,4
DA:27,2
DA:31,1
DA:32,4
DA:35,1
LF:20
LH:20
BRDA:3,1,0,1
BRDA:3,1,1,1
BRDA:20,2,0,6
BRDA:20,2,1,5
BRDA:24,3,0,4
BRDA:24,3,1,2
BRDA:24,4,0,6
BRDA:24,4,1,2
BRF:8
BRH:8
end_of_record
TN:
SF:/home/william/camden-addresslookup/lib/handlers.js
FN:1,(anonymous_1)
FN:5,addressLookup
FN:6,(anonymous_3)
FNF:3
FNH:3
FNDA:4,(anonymous_1)
FNDA:3,addressLookup
FNDA:3,(anonymous_3)
DA:1,1
DA:3,4
DA:6,3
DA:7,3
DA:8,1
DA:10,2
DA:16,4
LF:7
LH:7
BRDA:7,1,0,1
BRDA:7,1,1,2
BRF:2
BRH:2
end_of_record
TN:
SF:/home/william/camden-addresslookup/lib/routes.js
FNF:0
FNH:0
DA:1,1
DA:3,1
LF:2
LH:2
BRF:0
BRH:0
end_of_record
TN:
SF:/home/william/camden-addresslookup/server.js
FN:28,(anonymous_1)
FNF:1
FNH:0
FNDA:0,(anonymous_1)
DA:6,1
DA:7,1
DA:9,1
DA:11,1
DA:13,1
DA:24,1
DA:27,1
DA:28,0
DA:29,0
DA:30,0
DA:32,0
DA:37,1
LF:12
LH:8
BRDA:14,1,0,1
BRDA:14,1,1,1
BRDA:27,2,0,0
BRDA:27,2,1,1
BRDA:29,3,0,0
BRDA:29,3,1,0
BRF:6
BRH:3
end_of_record
